c:\users\bogdan\source\repos\shedding-reptile\openglwin32\x64\debug\vc142.pdb
c:\users\bogdan\source\repos\shedding-reptile\openglwin32\x64\debug\vc142.idb
c:\users\bogdan\source\repos\shedding-reptile\openglwin32\x64\debug\openglwin32.obj
c:\users\bogdan\source\repos\shedding-reptile\openglwin32\x64\debug\opengl.obj
c:\users\bogdan\source\repos\shedding-reptile\openglwin32\x64\debug\model.obj
c:\users\bogdan\source\repos\shedding-reptile\openglwin32\x64\debug\light.obj
c:\users\bogdan\source\repos\shedding-reptile\openglwin32\x64\debug\camera.obj
c:\users\bogdan\source\repos\shedding-reptile\openglwin32\x64\debug\application.obj
c:\users\bogdan\source\repos\shedding-reptile\openglwin32\x64\debug\shader.obj
c:\users\bogdan\source\repos\shedding-reptile\openglwin32\x64\debug\graphics.obj
c:\users\bogdan\source\repos\shedding-reptile\openglwin32\x64\debug\glad.obj
c:\users\bogdan\source\repos\shedding-reptile\openglwin32\x64\debug\openglwin32.exe
c:\users\bogdan\source\repos\shedding-reptile\openglwin32\x64\debug\openglwin32.ilk
c:\users\bogdan\source\repos\shedding-reptile\openglwin32\x64\debug\openglwin32.pdb
c:\users\bogdan\source\repos\shedding-reptile\openglwin32\x64\debug\openglwin32.res
c:\users\bogdan\source\repos\shedding-reptile\openglwin32\x64\debug\openglwin32.tlog\cl.command.1.tlog
c:\users\bogdan\source\repos\shedding-reptile\openglwin32\x64\debug\openglwin32.tlog\cl.read.1.tlog
c:\users\bogdan\source\repos\shedding-reptile\openglwin32\x64\debug\openglwin32.tlog\cl.write.1.tlog
c:\users\bogdan\source\repos\shedding-reptile\openglwin32\x64\debug\openglwin32.tlog\link.command.1.tlog
c:\users\bogdan\source\repos\shedding-reptile\openglwin32\x64\debug\openglwin32.tlog\link.read.1.tlog
c:\users\bogdan\source\repos\shedding-reptile\openglwin32\x64\debug\openglwin32.tlog\link.write.1.tlog
c:\users\bogdan\source\repos\shedding-reptile\openglwin32\x64\debug\openglwin32.tlog\rc.command.1.tlog
c:\users\bogdan\source\repos\shedding-reptile\openglwin32\x64\debug\openglwin32.tlog\rc.read.1.tlog
c:\users\bogdan\source\repos\shedding-reptile\openglwin32\x64\debug\openglwin32.tlog\rc.write.1.tlog
